2024-10-08 19:34:31.015 (0x7fff2da9bdf0) Debug: New PolkitAgentListener  0x55abd18dc600
2024-10-08 19:34:31.015 (0x7fff2da9bdf0) Debug: Adding new listener  PolkitQt1::Agent::Listener(0x7fff2da9be00) for  0x55abd18dc600
2024-10-08 19:34:31.233 (0x7ffd5d8ef780) Warning: Icon theme "elementary" not found.
2024-10-08 19:34:31.524 (0x7ffd8d7b9320) Warning: Icon theme "elementary" not found.
2024-10-08 19:34:31.537 (0x7ffd8d7b9320) Debug: systemd: "CanHibernate" = "na"
2024-10-08 19:34:31.538 (0x7ffd8d7b9320) Warning: dbusGetProperty: QDBusInterface is invalid "org.freedesktop.UPower" "/org/freedesktop/UPower" "org.freedesktop.DBus.Properties" "CanHibernate"
2024-10-08 19:34:31.538 (0x7ffd8d7b9320) Warning: dbusCall: QDBusInterface is invalid "org.freedesktop.ConsoleKit" "/org/freedesktop/ConsoleKit/Manager" "org.freedesktop.ConsoleKit.Manager" "CanHibernate"
2024-10-08 19:34:31.544 (0x7ffd8d7b9320) Debug: systemd: "CanSuspend" = "yes"
2024-10-08 19:34:31.563 (0x7ffc516df3c0) Debug: systemd: "CanReboot" = "yes"
2024-10-08 19:34:31.582 (0x7ffc516df3c0) Debug: systemd: "CanPowerOff" = "yes"
2024-10-08 19:34:31.584 (0x7ffd5d8ef780) Debug: ()
2024-10-08 19:34:31.656 (0x7ffd5d8ef780) Debug: WinIdChange 1200008 handle QWidgetWindow(0x564af47ded90, name="LXQtPanel panel1Window") QScreen(0x564af453dd00, name="Virtual1")
2024-10-08 19:34:31.672 (0x7ffd5d8ef780) Debug: Systray started
2024-10-08 19:34:32.029 (0x7ffe50964eb0) Warning: Icon theme "elementary" not found.
2024-10-08 19:34:32.096 (0x7ffe50964eb0) Debug: BatteryChanged discharging: false chargeLevel: 100 actionTime: QTime(Invalid)
2024-10-08 19:34:32.118 (0x7ffe50964eb0) Debug: Inhibit got: 28
2024-10-08 19:34:32.181 (0x7ffc7eea1ac0) Warning: Icon theme "elementary" not found.
2024-10-08 19:34:32.322 (0x7ffe50964eb0) Debug: Starting idlenesswatcher
2024-10-08 19:34:32.824 (0x7ffd5d8ef780) Debug: Unknown property margin-button
2024-10-08 19:34:32.825 (0x7ffd5d8ef780) Debug: Unknown property margin-button
2024-10-08 19:34:32.825 (0x7ffd5d8ef780) Debug: Unknown property margin-button
2024-10-08 19:34:37.295 (0x7ffd5d8ef780) Debug: execAction "/usr/share/applications/firefox.desktop"
2024-10-08 19:40:05.076 (0x7ffff16dd810) Warning: Icon theme "elementary" not found.
2024-10-08 19:40:05.294 (0x7ffff16dd810) Debug: Connecting to KScreen...
2024-10-08 19:40:09.139 (0x7ffff16dd810) Warning: QString::arg: Argument missing: "10 second(s) remaining" , 10
2024-10-08 19:48:10.209 (0x7ffe50964eb0) Warning: UdevQt: unhandled device action "move"
2024-10-08 19:48:10.209 (0x7ffd5d8ef780) Warning: UdevQt: unhandled device action "move"
2024-10-08 21:01:04.485 (0x7fff7953d4e0) Debug: New PolkitAgentListener  0x555df4e5b600
2024-10-08 21:01:04.490 (0x7fff7953d4e0) Debug: Adding new listener  PolkitQt1::Agent::Listener(0x7fff7953d4f0) for  0x555df4e5b600
2024-10-08 21:01:04.655 (0x7ffd04b09710) Warning: Icon theme "elementary" not found.
2024-10-08 21:01:04.966 (0x7ffffb984460) Warning: Icon theme "elementary" not found.
2024-10-08 21:01:04.992 (0x7ffffb984460) Debug: systemd: "CanHibernate" = "na"
2024-10-08 21:01:04.993 (0x7ffffb984460) Warning: dbusGetProperty: QDBusInterface is invalid "org.freedesktop.UPower" "/org/freedesktop/UPower" "org.freedesktop.DBus.Properties" "CanHibernate"
2024-10-08 21:01:04.995 (0x7ffffb984460) Warning: dbusCall: QDBusInterface is invalid "org.freedesktop.ConsoleKit" "/org/freedesktop/ConsoleKit/Manager" "org.freedesktop.ConsoleKit.Manager" "CanHibernate"
2024-10-08 21:01:04.999 (0x7ffffb984460) Debug: systemd: "CanSuspend" = "yes"
2024-10-08 21:01:05.016 (0x7ffda4680470) Debug: systemd: "CanReboot" = "yes"
2024-10-08 21:01:05.038 (0x7ffda4680470) Debug: systemd: "CanPowerOff" = "yes"
2024-10-08 21:01:05.087 (0x7ffd04b09710) Debug: ()
2024-10-08 21:01:05.160 (0x7ffd04b09710) Debug: WinIdChange c00008 handle QWidgetWindow(0x55cbf1582280, name="LXQtPanel panel1Window") QScreen(0x55cbf12decc0, name="Virtual1")
2024-10-08 21:01:05.173 (0x7ffd04b09710) Debug: Systray started
2024-10-08 21:01:05.425 (0x7ffe8a7ba6e0) Warning: Icon theme "elementary" not found.
2024-10-08 21:01:05.455 (0x7ffe8a7ba6e0) Debug: BatteryChanged discharging: false chargeLevel: 100 actionTime: QTime(Invalid)
2024-10-08 21:01:05.455 (0x7ffe8a7ba6e0) Debug: Starting idlenesswatcher
2024-10-08 21:01:06.350 (0x7ffd04b09710) Debug: Unknown property margin-button
2024-10-08 21:01:06.351 (0x7ffd04b09710) Debug: Unknown property margin-button
2024-10-08 21:01:06.351 (0x7ffd04b09710) Debug: Unknown property margin-button
2024-10-08 21:01:09.464 (0x7ffd99f311c0) Warning: Icon theme "elementary" not found.
2024-10-08 21:01:12.217 (0x7ffdb6a14e70) Warning: Icon theme "elementary" not found.
2024-10-08 21:01:12.370 (0x7ffdb6a14e70) Debug: Connecting to KScreen...
2024-10-08 21:01:34.783 (0x7ffd04b09710) Debug: execAction "/usr/share/applications/firefox.desktop"
2024-10-08 21:02:12.495 (0x7ffd04b09710) Warning: UdevQt: unhandled device action "move"
2024-10-08 21:02:12.495 (0x7ffe8a7ba6e0) Warning: UdevQt: unhandled device action "move"
2024-10-08 21:06:36.537 (0x7ffe8a7ba6e0) Warning: UdevQt: unhandled device action "move"
2024-10-08 21:06:36.537 (0x7ffd04b09710) Warning: UdevQt: unhandled device action "move"
2024-10-08 21:21:29.978 (0x7ffe8a7ba6e0) Warning: UdevQt: unhandled device action "move"
2024-10-08 21:21:29.978 (0x7ffd04b09710) Warning: UdevQt: unhandled device action "move"
2024-10-08 21:21:52.013 (0x7ffe8a7ba6e0) Warning: UdevQt: unhandled device action "move"
2024-10-08 21:21:52.013 (0x7ffd04b09710) Warning: UdevQt: unhandled device action "move"
2024-10-08 21:39:09.858 (0x7ffe8a7ba6e0) Warning: UdevQt: unhandled device action "move"
2024-10-08 21:39:09.858 (0x7ffd04b09710) Warning: UdevQt: unhandled device action "move"
2024-10-08 21:42:02.807 (0x7ffe8a7ba6e0) Warning: UdevQt: unhandled device action "move"
2024-10-08 21:42:02.807 (0x7ffd04b09710) Warning: UdevQt: unhandled device action "move"
2024-10-08 21:45:18.822 (0x7ffe8a7ba6e0) Warning: UdevQt: unhandled device action "move"
2024-10-08 21:45:18.822 (0x7ffd04b09710) Warning: UdevQt: unhandled device action "move"
2024-10-08 21:49:33.226 (0x7ffe8a7ba6e0) Warning: UdevQt: unhandled device action "move"
2024-10-08 21:49:33.226 (0x7ffd04b09710) Warning: UdevQt: unhandled device action "move"
2024-10-08 21:54:41.698 (0x7ffe8a7ba6e0) Warning: UdevQt: unhandled device action "move"
2024-10-08 21:54:41.717 (0x7ffd04b09710) Warning: UdevQt: unhandled device action "move"
2024-10-08 21:55:10.750 (0x7ffe8a7ba6e0) Warning: UdevQt: unhandled device action "move"
2024-10-08 21:55:10.750 (0x7ffd04b09710) Warning: UdevQt: unhandled device action "move"
2024-10-08 21:55:20.670 (0x7ffe8a7ba6e0) Warning: UdevQt: unhandled device action "move"
2024-10-08 21:55:20.671 (0x7ffd04b09710) Warning: UdevQt: unhandled device action "move"
2024-10-08 21:55:39.298 (0x7ffe8a7ba6e0) Warning: UdevQt: unhandled device action "move"
2024-10-08 21:55:39.298 (0x7ffd04b09710) Warning: UdevQt: unhandled device action "move"
2024-10-08 22:12:51.269 (0x7ffe8a7ba6e0) Warning: UdevQt: unhandled device action "move"
2024-10-08 22:12:51.269 (0x7ffd04b09710) Warning: UdevQt: unhandled device action "move"
2024-10-08 22:13:00.425 (0x7ffe8a7ba6e0) Warning: UdevQt: unhandled device action "move"
2024-10-08 22:13:00.425 (0x7ffd04b09710) Warning: UdevQt: unhandled device action "move"
2024-10-08 22:13:08.154 (0x7ffe8a7ba6e0) Warning: UdevQt: unhandled device action "move"
2024-10-08 22:13:08.154 (0x7ffd04b09710) Warning: UdevQt: unhandled device action "move"
2024-10-08 22:14:33.497 (0x7ffe8a7ba6e0) Warning: UdevQt: unhandled device action "move"
2024-10-08 22:14:33.498 (0x7ffd04b09710) Warning: UdevQt: unhandled device action "move"
2024-10-08 22:15:43.499 (0x7ffe8a7ba6e0) Warning: UdevQt: unhandled device action "move"
2024-10-08 22:15:43.500 (0x7ffd04b09710) Warning: UdevQt: unhandled device action "move"
2024-10-08 22:16:38.707 (0x7ffe8a7ba6e0) Warning: UdevQt: unhandled device action "move"
2024-10-08 22:16:38.707 (0x7ffd04b09710) Warning: UdevQt: unhandled device action "move"
2024-10-08 22:19:51.397 (0x7ffe8a7ba6e0) Warning: UdevQt: unhandled device action "move"
2024-10-08 22:19:51.398 (0x7ffd04b09710) Warning: UdevQt: unhandled device action "move"
2024-10-08 22:20:05.548 (0x7ffd04b09710) Warning: QXcbConnection: XCB error: 3 (BadWindow), sequence: 15336, resource id: 31457286, major code: 18 (ChangeProperty), minor code: 0
2024-10-08 22:22:16.665 (0x7ffd04b09710) Debug: execAction "/usr/share/applications/firefox.desktop"
2024-10-08 22:22:59.002 (0x7ffe8a7ba6e0) Warning: UdevQt: unhandled device action "move"
2024-10-08 22:22:59.002 (0x7ffd04b09710) Warning: UdevQt: unhandled device action "move"
2024-10-08 22:23:07.922 (0x7ffe8a7ba6e0) Warning: UdevQt: unhandled device action "move"
2024-10-08 22:23:07.923 (0x7ffd04b09710) Warning: UdevQt: unhandled device action "move"
2024-10-08 22:23:11.697 (0x7ffe8a7ba6e0) Warning: UdevQt: unhandled device action "move"
2024-10-08 22:23:11.697 (0x7ffd04b09710) Warning: UdevQt: unhandled device action "move"
2024-10-08 22:27:33.041 (0x7ffe8a7ba6e0) Warning: UdevQt: unhandled device action "move"
2024-10-08 22:27:33.041 (0x7ffd04b09710) Warning: UdevQt: unhandled device action "move"
2024-10-08 22:29:13.962 (0x7ffe8a7ba6e0) Warning: UdevQt: unhandled device action "move"
2024-10-08 22:29:13.962 (0x7ffd04b09710) Warning: UdevQt: unhandled device action "move"
2024-10-08 22:29:27.809 (0x7ffe8a7ba6e0) Warning: UdevQt: unhandled device action "move"
2024-10-08 22:29:27.809 (0x7ffd04b09710) Warning: UdevQt: unhandled device action "move"
2024-10-08 22:29:42.222 (0x7ffe8a7ba6e0) Warning: UdevQt: unhandled device action "move"
2024-10-08 22:29:42.223 (0x7ffd04b09710) Warning: UdevQt: unhandled device action "move"
2024-10-09 09:18:14.314 (0x7ffdd4db02b0) Debug: New PolkitAgentListener  0x564e43b3a800
2024-10-09 09:18:14.322 (0x7ffdd4db02b0) Debug: Adding new listener  PolkitQt1::Agent::Listener(0x7ffdd4db02c0) for  0x564e43b3a800
2024-10-09 09:18:14.415 (0x7fff0a0862e0) Warning: Icon theme "elementary" not found.
2024-10-09 09:18:14.769 (0x7ffcb52c81d0) Warning: Icon theme "elementary" not found.
2024-10-09 09:18:14.777 (0x7ffcb52c81d0) Debug: systemd: "CanHibernate" = "na"
2024-10-09 09:18:14.778 (0x7ffcb52c81d0) Warning: dbusGetProperty: QDBusInterface is invalid "org.freedesktop.UPower" "/org/freedesktop/UPower" "org.freedesktop.DBus.Properties" "CanHibernate"
2024-10-09 09:18:14.779 (0x7ffcb52c81d0) Warning: dbusCall: QDBusInterface is invalid "org.freedesktop.ConsoleKit" "/org/freedesktop/ConsoleKit/Manager" "org.freedesktop.ConsoleKit.Manager" "CanHibernate"
2024-10-09 09:18:14.787 (0x7ffcb52c81d0) Debug: systemd: "CanSuspend" = "yes"
2024-10-09 09:18:14.805 (0x7ffd245259d0) Debug: systemd: "CanReboot" = "yes"
2024-10-09 09:18:14.836 (0x7ffd245259d0) Debug: systemd: "CanPowerOff" = "yes"
2024-10-09 09:18:14.875 (0x7fff0a0862e0) Debug: ()
2024-10-09 09:18:14.971 (0x7fff0a0862e0) Debug: WinIdChange 1200008 handle QWidgetWindow(0x562c65950ca0, name="LXQtPanel panel1Window") QScreen(0x562c656abd00, name="Virtual1")
2024-10-09 09:18:14.985 (0x7fff0a0862e0) Debug: Systray started
2024-10-09 09:18:15.209 (0x7ffca1288cf0) Warning: Icon theme "elementary" not found.
2024-10-09 09:18:15.247 (0x7ffca1288cf0) Debug: BatteryChanged discharging: false chargeLevel: 98 actionTime: QTime(Invalid)
2024-10-09 09:18:15.247 (0x7ffca1288cf0) Debug: Starting idlenesswatcher
2024-10-09 09:18:16.162 (0x7fff0a0862e0) Debug: Unknown property margin-button
2024-10-09 09:18:16.163 (0x7fff0a0862e0) Debug: Unknown property margin-button
2024-10-09 09:18:16.163 (0x7fff0a0862e0) Debug: Unknown property margin-button
2024-10-09 09:18:18.978 (0x7ffd4d43af50) Warning: Icon theme "elementary" not found.
2024-10-09 09:18:23.417 (0x7fff0a0862e0) Warning: QXcbConnection: XCB error: 3 (BadWindow), sequence: 1224, resource id: 31457286, major code: 18 (ChangeProperty), minor code: 0
2024-10-09 09:18:28.345 (0x7ffc38e091a0) Warning: Icon theme "elementary" not found.
2024-10-09 09:18:28.466 (0x7ffc38e091a0) Debug: Connecting to KScreen...
2024-10-09 09:18:34.468 (0x7ffc38e091a0) Warning: QString::arg: Argument missing: "10 second(s) remaining" , 10
2024-10-09 09:18:35.729 (0x7fff0a0862e0) Warning: QXcbConnection: XCB error: 3 (BadWindow), sequence: 3461, resource id: 31457286, major code: 18 (ChangeProperty), minor code: 0
2024-10-09 09:19:03.830 (0x7fff0a0862e0) Debug: execAction "/usr/share/applications/firefox.desktop"
2024-10-09 09:20:17.057 (0x7ffca1288cf0) Debug: BatteryChanged discharging: false chargeLevel: 100 actionTime: QTime(Invalid)
2024-10-09 09:20:17.058 (0x7ffca1288cf0) Debug: BatteryChanged discharging: false chargeLevel: 100 actionTime: QTime(Invalid)
